c:\visualstudioprojects\oblig-2-3d-prog\oblig2-3.d94349fd\x64\debug\vc143.pdb
c:\visualstudioprojects\oblig-2-3d-prog\oblig2-3.d94349fd\x64\debug\vc143.idb
c:\visualstudioprojects\oblig-2-3d-prog\oblig2-3.d94349fd\x64\debug\vbo.obj
c:\visualstudioprojects\oblig-2-3d-prog\oblig2-3.d94349fd\x64\debug\vao.obj
c:\visualstudioprojects\oblig-2-3d-prog\oblig2-3.d94349fd\x64\debug\texture.obj
c:\visualstudioprojects\oblig-2-3d-prog\oblig2-3.d94349fd\x64\debug\stb.obj
c:\visualstudioprojects\oblig-2-3d-prog\oblig2-3.d94349fd\x64\debug\shaderclass.obj
c:\visualstudioprojects\oblig-2-3d-prog\oblig2-3.d94349fd\x64\debug\mesh.obj
c:\visualstudioprojects\oblig-2-3d-prog\oblig2-3.d94349fd\x64\debug\main.obj
c:\visualstudioprojects\oblig-2-3d-prog\oblig2-3.d94349fd\x64\debug\filereadwrite.obj
c:\visualstudioprojects\oblig-2-3d-prog\oblig2-3.d94349fd\x64\debug\ebo.obj
c:\visualstudioprojects\oblig-2-3d-prog\oblig2-3.d94349fd\x64\debug\camera.obj
c:\visualstudioprojects\oblig-2-3d-prog\oblig2-3.d94349fd\x64\debug\glad.obj
c:\visualstudioprojects\oblig-2-3d-prog\x64\debug\oblig2-3dprogrammering.exe
c:\visualstudioprojects\oblig-2-3d-prog\x64\debug\oblig2-3dprogrammering.pdb
c:\visualstudioprojects\oblig-2-3d-prog\oblig2-3.d94349fd\x64\debug\oblig2-3dprogrammering.ilk
c:\visualstudioprojects\oblig-2-3d-prog\oblig2-3.d94349fd\x64\debug\oblig2-3.d94349fd.tlog\cl.command.1.tlog
c:\visualstudioprojects\oblig-2-3d-prog\oblig2-3.d94349fd\x64\debug\oblig2-3.d94349fd.tlog\cl.items.tlog
c:\visualstudioprojects\oblig-2-3d-prog\oblig2-3.d94349fd\x64\debug\oblig2-3.d94349fd.tlog\cl.read.1.tlog
c:\visualstudioprojects\oblig-2-3d-prog\oblig2-3.d94349fd\x64\debug\oblig2-3.d94349fd.tlog\cl.write.1.tlog
c:\visualstudioprojects\oblig-2-3d-prog\oblig2-3.d94349fd\x64\debug\oblig2-3.d94349fd.tlog\link.command.1.tlog
c:\visualstudioprojects\oblig-2-3d-prog\oblig2-3.d94349fd\x64\debug\oblig2-3.d94349fd.tlog\link.read.1.tlog
c:\visualstudioprojects\oblig-2-3d-prog\oblig2-3.d94349fd\x64\debug\oblig2-3.d94349fd.tlog\link.secondary.1.tlog
c:\visualstudioprojects\oblig-2-3d-prog\oblig2-3.d94349fd\x64\debug\oblig2-3.d94349fd.tlog\link.write.1.tlog
