  Camera.cpp
  EBO.cpp
  FileReadWrite.cpp
C:\VisualStudioProjects\Oblig-2-3D-Prog\FileReadWrite.cpp(116,29): warning C4244: 'argument': conversion from 'int' to '_Ty', possible loss of data
C:\VisualStudioProjects\Oblig-2-3D-Prog\FileReadWrite.cpp(116,29): warning C4244:         with
C:\VisualStudioProjects\Oblig-2-3D-Prog\FileReadWrite.cpp(116,29): warning C4244:         [
C:\VisualStudioProjects\Oblig-2-3D-Prog\FileReadWrite.cpp(116,29): warning C4244:             _Ty=float
C:\VisualStudioProjects\Oblig-2-3D-Prog\FileReadWrite.cpp(116,29): warning C4244:         ]
C:\VisualStudioProjects\Oblig-2-3D-Prog\FileReadWrite.cpp(112,10): warning C4101: 'slash': unreferenced local variable
C:\VisualStudioProjects\Oblig-2-3D-Prog\FileReadWrite.cpp(110,11): warning C4101: 'Vertices': unreferenced local variable
  Main.cpp
  Mesh.cpp
C:\VisualStudioProjects\Oblig-2-3D-Prog\Mesh.cpp(56,43): warning C4267: 'argument': conversion from 'size_t' to 'GLsizei', possible loss of data
  shaderClass.cpp
  stb.cpp
  Texture.cpp
  VAO.cpp
C:\VisualStudioProjects\Oblig-2-3D-Prog\VAO.cpp(13,63): warning C4244: 'argument': conversion from 'GLsizeiptr' to 'GLsizei', possible loss of data
  VBO.cpp
  Generating Code...
  glad.c
glfw3.lib(input.obj) : warning LNK4099: PDB '' was not found with 'glfw3.lib(input.obj)' or at ''; linking object as if no debug info
glfw3.lib(init.obj) : warning LNK4099: PDB '' was not found with 'glfw3.lib(init.obj)' or at ''; linking object as if no debug info
glfw3.lib(window.obj) : warning LNK4099: PDB '' was not found with 'glfw3.lib(window.obj)' or at ''; linking object as if no debug info
glfw3.lib(context.obj) : warning LNK4099: PDB '' was not found with 'glfw3.lib(context.obj)' or at ''; linking object as if no debug info
glfw3.lib(win32_window.obj) : warning LNK4099: PDB '' was not found with 'glfw3.lib(win32_window.obj)' or at ''; linking object as if no debug info
glfw3.lib(win32_joystick.obj) : warning LNK4099: PDB '' was not found with 'glfw3.lib(win32_joystick.obj)' or at ''; linking object as if no debug info
glfw3.lib(win32_time.obj) : warning LNK4099: PDB '' was not found with 'glfw3.lib(win32_time.obj)' or at ''; linking object as if no debug info
glfw3.lib(win32_init.obj) : warning LNK4099: PDB '' was not found with 'glfw3.lib(win32_init.obj)' or at ''; linking object as if no debug info
glfw3.lib(win32_monitor.obj) : warning LNK4099: PDB '' was not found with 'glfw3.lib(win32_monitor.obj)' or at ''; linking object as if no debug info
glfw3.lib(win32_thread.obj) : warning LNK4099: PDB '' was not found with 'glfw3.lib(win32_thread.obj)' or at ''; linking object as if no debug info
glfw3.lib(monitor.obj) : warning LNK4099: PDB '' was not found with 'glfw3.lib(monitor.obj)' or at ''; linking object as if no debug info
glfw3.lib(vulkan.obj) : warning LNK4099: PDB '' was not found with 'glfw3.lib(vulkan.obj)' or at ''; linking object as if no debug info
glfw3.lib(wgl_context.obj) : warning LNK4099: PDB '' was not found with 'glfw3.lib(wgl_context.obj)' or at ''; linking object as if no debug info
glfw3.lib(egl_context.obj) : warning LNK4099: PDB '' was not found with 'glfw3.lib(egl_context.obj)' or at ''; linking object as if no debug info
glfw3.lib(osmesa_context.obj) : warning LNK4099: PDB '' was not found with 'glfw3.lib(osmesa_context.obj)' or at ''; linking object as if no debug info
  YoutubeOpenGL.vcxproj -> C:\VisualStudioProjects\Oblig-2-3D-Prog\x64\Debug\Oblig2-3DProgrammering.exe
